# JRE version: OpenJDK Runtime Environment (11.0.2+9) (build 11.0.2+9)
# Java VM: OpenJDK 64-Bit Server VM (11.0.2+9, mixed mode, tiered, compressed oops, g1 gc, windows-amd64)
Heap:
 garbage-first heap   total 1065984K, used 15692K [0x0000000081600000, 0x0000000100000000)
  region size 1024K, 3 young (3072K), 3 survivors (3072K)
 Metaspace       used 20662K, capacity 21036K, committed 21120K, reserved 1069056K
  class space    used 2187K, capacity 2351K, committed 2432K, reserved 1048576K
GC Heap History (10 events):
Event: 13.399 GC heap after
{Heap after GC invocations=17 (full 0):
 garbage-first heap   total 131072K, used 15042K [0x0000000081600000, 0x0000000100000000)
  region size 1024K, 5 young (5120K), 5 survivors (5120K)
 Metaspace       used 20660K, capacity 21036K, committed 21120K, reserved 1069056K
  class space    used 2187K, capacity 2351K, committed 2432K, reserved 1048576K
}
Event: 13.411 GC heap before
{Heap before GC invocations=17 (full 0):
 garbage-first heap   total 131072K, used 86722K [0x0000000081600000, 0x0000000100000000)
  region size 1024K, 76 young (77824K), 5 survivors (5120K)
 Metaspace       used 20660K, capacity 21036K, committed 21120K, reserved 1069056K
  class space    used 2187K, capacity 2351K, committed 2432K, reserved 1048576K
}
Event: 13.432 GC heap after
{Heap after GC invocations=18 (full 0):
 garbage-first heap   total 393216K, used 14742K [0x0000000081600000, 0x0000000100000000)
  region size 1024K, 3 young (3072K), 3 survivors (3072K)
 Metaspace       used 20660K, capacity 21036K, committed 21120K, reserved 1069056K
  class space    used 2187K, capacity 2351K, committed 2432K, reserved 1048576K
}
Event: 13.756 GC heap before
{Heap before GC invocations=18 (full 0):
 garbage-first heap   total 393216K, used 246166K [0x0000000081600000, 0x0000000100000000)
  region size 1024K, 230 young (235520K), 3 survivors (3072K)
 Metaspace       used 20662K, capacity 21036K, committed 21120K, reserved 1069056K
  class space    used 2187K, capacity 2351K, committed 2432K, reserved 1048576K
}
Event: 13.770 GC heap after
{Heap after GC invocations=19 (full 0):
 garbage-first heap   total 393216K, used 15151K [0x0000000081600000, 0x0000000100000000)
  region size 1024K, 3 young (3072K), 3 survivors (3072K)
 Metaspace       used 20662K, capacity 21036K, committed 21120K, reserved 1069056K
  class space    used 2187K, capacity 2351K, committed 2432K, reserved 1048576K
}
Event: 13.819 GC heap before
{Heap before GC invocations=19 (full 0):
 garbage-first heap   total 393216K, used 246575K [0x0000000081600000, 0x0000000100000000)
  region size 1024K, 230 young (235520K), 3 survivors (3072K)
 Metaspace       used 20662K, capacity 21036K, committed 21120K, reserved 1069056K
  class space    used 2187K, capacity 2351K, committed 2432K, reserved 1048576K
}
Event: 13.823 GC heap after
{Heap after GC invocations=20 (full 0):
 garbage-first heap   total 393216K, used 15437K [0x0000000081600000, 0x0000000100000000)
  region size 1024K, 3 young (3072K), 3 survivors (3072K)
 Metaspace       used 20662K, capacity 21036K, committed 21120K, reserved 1069056K
  class space    used 2187K, capacity 2351K, committed 2432K, reserved 1048576K
}
Event: 13.862 GC heap before
{Heap before GC invocations=20 (full 0):
 garbage-first heap   total 393216K, used 246861K [0x0000000081600000, 0x0000000100000000)
  region size 1024K, 230 young (235520K), 3 survivors (3072K)
 Metaspace       used 20662K, capacity 21036K, committed 21120K, reserved 1069056K
  class space    used 2187K, capacity 2351K, committed 2432K, reserved 1048576K
}
Event: 13.865 GC heap after
{Heap after GC invocations=21 (full 0):
 garbage-first heap   total 393216K, used 15610K [0x0000000081600000, 0x0000000100000000)
  region size 1024K, 3 young (3072K), 3 survivors (3072K)
 Metaspace       used 20662K, capacity 21036K, committed 21120K, reserved 1069056K
  class space    used 2187K, capacity 2351K, committed 2432K, reserved 1048576K
}
Event: 13.903 GC heap before
{Heap before GC invocations=21 (full 0):
 garbage-first heap   total 393216K, used 247034K [0x0000000081600000, 0x0000000100000000)
  region size 1024K, 230 young (235520K), 3 survivors (3072K)
 Metaspace       used 20662K, capacity 21036K, committed 21120K, reserved 1069056K
  class space    used 2187K, capacity 2351K, committed 2432K, reserved 1048576K
}

